<?xml version="1.0" encoding="UTF-8"?>
<testng-results ignored="1" total="4" passed="2" failed="1" skipped="0">
  <reporter-output>
  </reporter-output>
  <suite started-at="2024-02-20T23:54:47 IST" name="Suite" finished-at="2024-02-20T23:55:32 IST" duration-ms="44756">
    <groups>
    </groups>
    <test started-at="2024-02-20T23:54:47 IST" name="Test" finished-at="2024-02-20T23:55:32 IST" duration-ms="44756">
      <class name="tests.AddRemoveElementsTest">
        <test-method is-config="true" signature="StartBrowser()[pri:0, instance:tests.AddRemoveElementsTest@146587a2]" started-at="2024-02-20T23:55:18 IST" name="StartBrowser" finished-at="2024-02-20T23:55:25 IST" duration-ms="7385" status="PASS">
          <reporter-output>
          </reporter-output>
        </test-method> <!-- StartBrowser -->
        <test-method signature="test01()[pri:0, instance:tests.AddRemoveElementsTest@146587a2]" started-at="2024-02-20T23:55:25 IST" name="test01" finished-at="2024-02-20T23:55:32 IST" duration-ms="6495" status="PASS">
          <reporter-output>
          </reporter-output>
        </test-method> <!-- test01 -->
        <test-method is-config="true" signature="CloseApplication()[pri:0, instance:tests.AddRemoveElementsTest@146587a2]" started-at="2024-02-20T23:55:32 IST" name="CloseApplication" finished-at="2024-02-20T23:55:32 IST" duration-ms="210" status="PASS">
          <reporter-output>
          </reporter-output>
        </test-method> <!-- CloseApplication -->
      </class> <!-- tests.AddRemoveElementsTest -->
      <class name="tests.AbPageTest">
        <test-method is-config="true" signature="readPropertyFile()[pri:0, instance:tests.AbPageTest@64b73e7a]" started-at="2024-02-20T23:54:47 IST" name="readPropertyFile" finished-at="2024-02-20T23:54:47 IST" duration-ms="11" status="PASS">
          <reporter-output>
          </reporter-output>
        </test-method> <!-- readPropertyFile -->
        <test-method is-config="true" signature="StartBrowser()[pri:0, instance:tests.AbPageTest@64b73e7a]" started-at="2024-02-20T23:54:47 IST" name="StartBrowser" finished-at="2024-02-20T23:54:55 IST" duration-ms="7763" status="PASS">
          <reporter-output>
          </reporter-output>
        </test-method> <!-- StartBrowser -->
        <test-method signature="test01()[pri:0, instance:tests.AbPageTest@64b73e7a]" started-at="2024-02-20T23:54:55 IST" name="test01" finished-at="2024-02-20T23:55:03 IST" duration-ms="7606" status="PASS">
          <reporter-output>
          </reporter-output>
        </test-method> <!-- test01 -->
        <test-method is-config="true" signature="CloseApplication()[pri:0, instance:tests.AbPageTest@64b73e7a]" started-at="2024-02-20T23:55:03 IST" name="CloseApplication" finished-at="2024-02-20T23:55:03 IST" duration-ms="307" status="PASS">
          <reporter-output>
          </reporter-output>
        </test-method> <!-- CloseApplication -->
        <test-method is-config="true" signature="StartBrowser()[pri:0, instance:tests.AbPageTest@64b73e7a]" started-at="2024-02-20T23:55:03 IST" name="StartBrowser" finished-at="2024-02-20T23:55:11 IST" duration-ms="7670" status="PASS">
          <reporter-output>
          </reporter-output>
        </test-method> <!-- StartBrowser -->
        <test-method signature="test02()[pri:0, instance:tests.AbPageTest@64b73e7a]" started-at="2024-02-20T23:55:11 IST" name="test02" finished-at="2024-02-20T23:55:17 IST" duration-ms="6472" status="FAIL">
          <exception class="java.lang.AssertionError">
            <message>
              <![CDATA[expected [Powered by] but found [Powered by Elemental Selenium]]]>
            </message>
            <full-stacktrace>
              <![CDATA[java.lang.AssertionError: expected [Powered by] but found [Powered by Elemental Selenium]
at org.testng.Assert.fail(Assert.java:110)
at org.testng.Assert.failNotEquals(Assert.java:1577)
at org.testng.Assert.assertEqualsImpl(Assert.java:149)
at org.testng.Assert.assertEquals(Assert.java:131)
at org.testng.Assert.assertEquals(Assert.java:655)
at org.testng.Assert.assertEquals(Assert.java:665)
at tests.AbPageTest.test02(AbPageTest.java:38)
at java.base/jdk.internal.reflect.NativeMethodAccessorImpl.invoke0(Native Method)
at java.base/jdk.internal.reflect.NativeMethodAccessorImpl.invoke(NativeMethodAccessorImpl.java:77)
at java.base/jdk.internal.reflect.DelegatingMethodAccessorImpl.invoke(DelegatingMethodAccessorImpl.java:43)
at java.base/java.lang.reflect.Method.invoke(Method.java:568)
at org.testng.internal.invokers.MethodInvocationHelper.invokeMethod(MethodInvocationHelper.java:139)
at org.testng.internal.invokers.TestInvoker.invokeMethod(TestInvoker.java:677)
at org.testng.internal.invokers.TestInvoker.invokeTestMethod(TestInvoker.java:221)
at org.testng.internal.invokers.MethodRunner.runInSequence(MethodRunner.java:50)
at org.testng.internal.invokers.TestInvoker$MethodInvocationAgent.invoke(TestInvoker.java:969)
at org.testng.internal.invokers.TestInvoker.invokeTestMethods(TestInvoker.java:194)
at org.testng.internal.invokers.TestMethodWorker.invokeTestMethods(TestMethodWorker.java:148)
at org.testng.internal.invokers.TestMethodWorker.run(TestMethodWorker.java:128)
at java.base/java.util.ArrayList.forEach(ArrayList.java:1511)
at org.testng.TestRunner.privateRun(TestRunner.java:829)
at org.testng.TestRunner.run(TestRunner.java:602)
at org.testng.SuiteRunner.runTest(SuiteRunner.java:437)
at org.testng.SuiteRunner.runSequentially(SuiteRunner.java:431)
at org.testng.SuiteRunner.privateRun(SuiteRunner.java:391)
at org.testng.SuiteRunner.run(SuiteRunner.java:330)
at org.testng.SuiteRunnerWorker.runSuite(SuiteRunnerWorker.java:52)
at org.testng.SuiteRunnerWorker.run(SuiteRunnerWorker.java:95)
at org.testng.TestNG.runSuitesSequentially(TestNG.java:1256)
at org.testng.TestNG.runSuitesLocally(TestNG.java:1176)
at org.testng.TestNG.runSuites(TestNG.java:1099)
at org.testng.TestNG.run(TestNG.java:1067)
at org.testng.remote.AbstractRemoteTestNG.run(AbstractRemoteTestNG.java:115)
at org.testng.remote.RemoteTestNG.initAndRun(RemoteTestNG.java:251)
at org.testng.remote.RemoteTestNG.main(RemoteTestNG.java:77)
]]>
            </full-stacktrace>
          </exception> <!-- java.lang.AssertionError -->
          <reporter-output>
          </reporter-output>
        </test-method> <!-- test02 -->
        <test-method is-config="true" signature="CloseApplication()[pri:0, instance:tests.AbPageTest@64b73e7a]" started-at="2024-02-20T23:55:17 IST" name="CloseApplication" finished-at="2024-02-20T23:55:18 IST" duration-ms="573" status="PASS">
          <reporter-output>
          </reporter-output>
        </test-method> <!-- CloseApplication -->
      </class> <!-- tests.AbPageTest -->
    </test> <!-- Test -->
  </suite> <!-- Suite -->
</testng-results>
